{"content": {"suites": {"0": {"status": {"total_pass": 0, "total_skip": 0, "total_xpass": 0, "total_xfail": 0, "total_rerun": 0, "total_fail": 2, "total_error": 0}, "tests": {"0": {"status": "FAIL", "message": "   AssertionError: Expected status code 200, but got 400 b'{\"message\":\"Unexpected token u in JSON at position 0\"}'\n   assert 400 == 200\n    +  where 400 = <Response [400]>.status_code\n", "test_name": "test_login", "rerun": "0"}, "1": {"status": "FAIL", "message": "   AssertionError: Expected status code 200, but got 401\n   assert 401 == 200\n    +  where 401 = <Response [401]>.status_code\n", "test_name": "test_token", "rerun": "0"}}, "suite_name": "tests/test_userpath.py"}}}, "date": "February 10, 2024", "start_time": 1707603404.072591, "total_suite": 1, "status": "FAIL", "status_list": {"pass": "0", "fail": "2", "skip": "0", "error": "0", "xpass": "0", "xfail": "0", "rerun": "0"}, "total_tests": "2"}